<?xml version='1.0'?>
<ns2:test-suite xmlns:ns2='urn:model.allure.qatools.yandex.ru' start='1673227454878' stop='1673227469548'>
    <name>Sprint: Verify language can be changed successfully</name>
    <title>Sprint: Verify language can be changed successfully</title>
    <test-cases>
        <test-case start='1673227454878' status='passed' stop='1673227454878'>
            <name></name>
            <title></title>
            <labels>
                <label name='language' value='javascript'/>
                <label name='framework' value='wdio'/>
                <label name='thread' value='0-0'/>
            </labels>
            <parameters>
                <parameter kind='argument' name='browser' value='chrome-108.0.5359.124'/>
            </parameters>
            <steps/>
            <attachments/>
        </test-case>
        <test-case start='1673227454878' status='passed' stop='1673227469546'>
            <name>Given I am on hotels</name>
            <title>Given I am on hotels</title>
            <labels>
                <label name='language' value='javascript'/>
                <label name='framework' value='wdio'/>
                <label name='thread' value='0-0'/>
                <label name='language' value='javascript'/>
                <label name='framework' value='wdio'/>
                <label name='thread' value='0-0'/>
            </labels>
            <parameters>
                <parameter kind='argument' name='browser' value='chrome-108.0.5359.124'/>
                <parameter kind='argument' name='browser' value='chrome-108.0.5359.124'/>
            </parameters>
            <steps>
                <step start='1673227454879' status='passed' stop='1673227457505'>
                    <name>POST /session/:sessionId/url</name>
                    <title>POST /session/:sessionId/url</title>
                    <attachments>
                        <attachment title='Request' source='2a4f5a05-b621-455b-8925-63b6ce40fd0a-attachment.json' type='application/json' size='38'/>
                    </attachments>
                    <steps/>
                </step>
                <step start='1673227462508' status='passed' stop='1673227464546'>
                    <name>POST /session/:sessionId/url</name>
                    <title>POST /session/:sessionId/url</title>
                    <attachments>
                        <attachment title='Request' source='3a500feb-03b6-4242-a844-747041a5ea1f-attachment.json' type='application/json' size='38'/>
                    </attachments>
                    <steps/>
                </step>
            </steps>
            <attachments/>
        </test-case>
        <test-case start='1673227469546' status='broken' stop='1673227469547'>
            <name>When I change</name>
            <title>When I change</title>
            <labels>
                <label name='language' value='javascript'/>
                <label name='framework' value='wdio'/>
                <label name='thread' value='0-0'/>
            </labels>
            <parameters>
                <parameter kind='argument' name='browser' value='chrome-108.0.5359.124'/>
            </parameters>
            <steps/>
            <attachments/>
            <failure>
                <message>Step "I change" is not defined. You can ignore this error by setting cucumberOpts.ignoreUndefinedDefinitions as true.</message>
                <stack-trace>Step "I change" is not defined. You can ignore this error by setting cucumberOpts.ignoreUndefinedDefinitions as true.
                	at Feature(/Users/ziauddin/Documents/git/JS-FALL-CUCUMBER-2022/features/Hotels/sprint.feature):1:1
                	at Scenario(Verify language can be changed successfully):47:5
                	at Step(I change):49:9
                </stack-trace>
            </failure>
        </test-case>
        <test-case start='1673227469547' status='broken' stop='1673227469547'>
            <name>And I click login button</name>
            <title>And I click login button</title>
            <labels>
                <label name='language' value='javascript'/>
                <label name='framework' value='wdio'/>
                <label name='thread' value='0-0'/>
            </labels>
            <parameters>
                <parameter kind='argument' name='browser' value='chrome-108.0.5359.124'/>
            </parameters>
            <steps/>
            <attachments/>
            <failure>
                <message>Step "I click login button" is not defined. You can ignore this error by setting cucumberOpts.ignoreUndefinedDefinitions as true.</message>
                <stack-trace>Step "I click login button" is not defined. You can ignore this error by setting cucumberOpts.ignoreUndefinedDefinitions as true.
                	at Feature(/Users/ziauddin/Documents/git/JS-FALL-CUCUMBER-2022/features/Hotels/sprint.feature):1:1
                	at Scenario(Verify language can be changed successfully):47:5
                	at Step(I click login button):50:9
                </stack-trace>
            </failure>
        </test-case>
        <test-case start='1673227469547' status='broken' stop='1673227469547'>
            <name>Then I Verify error is displayed</name>
            <title>Then I Verify error is displayed</title>
            <labels>
                <label name='language' value='javascript'/>
                <label name='framework' value='wdio'/>
                <label name='thread' value='0-0'/>
            </labels>
            <parameters>
                <parameter kind='argument' name='browser' value='chrome-108.0.5359.124'/>
            </parameters>
            <steps/>
            <attachments/>
            <failure>
                <message>Step "I Verify error is displayed" is not defined. You can ignore this error by setting cucumberOpts.ignoreUndefinedDefinitions as true.</message>
                <stack-trace>Step "I Verify error is displayed" is not defined. You can ignore this error by setting cucumberOpts.ignoreUndefinedDefinitions as true.
                	at Feature(/Users/ziauddin/Documents/git/JS-FALL-CUCUMBER-2022/features/Hotels/sprint.feature):1:1
                	at Scenario(Verify language can be changed successfully):47:5
                	at Step(I Verify error is displayed):51:9
                </stack-trace>
            </failure>
        </test-case>
        <test-case start='1673227469547' status='passed' stop='1673227469547'>
            <name></name>
            <title></title>
            <labels>
                <label name='language' value='javascript'/>
                <label name='framework' value='wdio'/>
                <label name='thread' value='0-0'/>
            </labels>
            <parameters>
                <parameter kind='argument' name='browser' value='chrome-108.0.5359.124'/>
            </parameters>
            <steps/>
            <attachments/>
        </test-case>
    </test-cases>
</ns2:test-suite>