<?xml version='1.0'?>
<ns2:test-suite xmlns:ns2='urn:model.allure.qatools.yandex.ru' start='1670887542467' stop='1670887548308'>
    <name>Login: Verify error for invalid login</name>
    <title>Login: Verify error for invalid login</title>
    <test-cases>
        <test-case start='1670887542467' status='passed' stop='1670887542469'>
            <name></name>
            <title></title>
            <labels>
                <label name='language' value='javascript'/>
                <label name='framework' value='wdio'/>
                <label name='thread' value='0-0'/>
            </labels>
            <parameters>
                <parameter kind='argument' name='browser' value='chrome-108.0.5359.98'/>
            </parameters>
            <steps/>
            <attachments/>
        </test-case>
        <test-case start='1670887542469' status='passed' stop='1670887548305'>
            <name>Given I am on facebook</name>
            <title>Given I am on facebook</title>
            <labels>
                <label name='language' value='javascript'/>
                <label name='framework' value='wdio'/>
                <label name='thread' value='0-0'/>
            </labels>
            <parameters>
                <parameter kind='argument' name='browser' value='chrome-108.0.5359.98'/>
            </parameters>
            <steps>
                <step start='1670887542471' status='passed' stop='1670887543304'>
                    <name>POST /session/:sessionId/url</name>
                    <title>POST /session/:sessionId/url</title>
                    <attachments>
                        <attachment title='Request' source='b37e631c-2fb1-4554-a7d9-4387747ca7e9-attachment.json' type='application/json' size='40'/>
                    </attachments>
                    <steps/>
                </step>
            </steps>
            <attachments/>
        </test-case>
        <test-case start='1670887548305' status='broken' stop='1670887548306'>
            <name>When I type '#$%^&amp;*' as username</name>
            <title>When I type '#$%^&amp;*' as username</title>
            <labels>
                <label name='language' value='javascript'/>
                <label name='framework' value='wdio'/>
                <label name='thread' value='0-0'/>
            </labels>
            <parameters>
                <parameter kind='argument' name='browser' value='chrome-108.0.5359.98'/>
            </parameters>
            <steps/>
            <attachments/>
            <failure>
                <message>Step "I type '#$%^&amp;*' as username" is not defined. You can ignore this error by setting cucumberOpts.ignoreUndefinedDefinitions as true.</message>
                <stack-trace>Step "I type '#$%^&amp;*' as username" is not defined. You can ignore this error by setting cucumberOpts.ignoreUndefinedDefinitions as true.
                	at Feature(/Users/ziauddin/Documents/git/JS-FALL-CUCUMBER-2022/features/Facebook/login.feature):1:1
                	at Scenario(Verify error for invalid login):12:5
                	at Step(I type '#$%^&amp;*' as username):14:9
                </stack-trace>
            </failure>
        </test-case>
        <test-case start='1670887548306' status='broken' stop='1670887548306'>
            <name>And I type 'abcd@1234' as password</name>
            <title>And I type 'abcd@1234' as password</title>
            <labels>
                <label name='language' value='javascript'/>
                <label name='framework' value='wdio'/>
                <label name='thread' value='0-0'/>
            </labels>
            <parameters>
                <parameter kind='argument' name='browser' value='chrome-108.0.5359.98'/>
            </parameters>
            <steps/>
            <attachments/>
            <failure>
                <message>Step "I type 'abcd@1234' as password" is not defined. You can ignore this error by setting cucumberOpts.ignoreUndefinedDefinitions as true.</message>
                <stack-trace>Step "I type 'abcd@1234' as password" is not defined. You can ignore this error by setting cucumberOpts.ignoreUndefinedDefinitions as true.
                	at Feature(/Users/ziauddin/Documents/git/JS-FALL-CUCUMBER-2022/features/Facebook/login.feature):1:1
                	at Scenario(Verify error for invalid login):12:5
                	at Step(I type 'abcd@1234' as password):15:9
                </stack-trace>
            </failure>
        </test-case>
        <test-case start='1670887548306' status='broken' stop='1670887548306'>
            <name>And I click login button</name>
            <title>And I click login button</title>
            <labels>
                <label name='language' value='javascript'/>
                <label name='framework' value='wdio'/>
                <label name='thread' value='0-0'/>
            </labels>
            <parameters>
                <parameter kind='argument' name='browser' value='chrome-108.0.5359.98'/>
            </parameters>
            <steps/>
            <attachments/>
            <failure>
                <message>Step "I click login button" is not defined. You can ignore this error by setting cucumberOpts.ignoreUndefinedDefinitions as true.</message>
                <stack-trace>Step "I click login button" is not defined. You can ignore this error by setting cucumberOpts.ignoreUndefinedDefinitions as true.
                	at Feature(/Users/ziauddin/Documents/git/JS-FALL-CUCUMBER-2022/features/Facebook/login.feature):1:1
                	at Scenario(Verify error for invalid login):12:5
                	at Step(I click login button):16:9
                </stack-trace>
            </failure>
        </test-case>
        <test-case start='1670887548307' status='broken' stop='1670887548307'>
            <name>Then I Verify error is displayed</name>
            <title>Then I Verify error is displayed</title>
            <labels>
                <label name='language' value='javascript'/>
                <label name='framework' value='wdio'/>
                <label name='thread' value='0-0'/>
            </labels>
            <parameters>
                <parameter kind='argument' name='browser' value='chrome-108.0.5359.98'/>
            </parameters>
            <steps/>
            <attachments/>
            <failure>
                <message>Step "I Verify error is displayed" is not defined. You can ignore this error by setting cucumberOpts.ignoreUndefinedDefinitions as true.</message>
                <stack-trace>Step "I Verify error is displayed" is not defined. You can ignore this error by setting cucumberOpts.ignoreUndefinedDefinitions as true.
                	at Feature(/Users/ziauddin/Documents/git/JS-FALL-CUCUMBER-2022/features/Facebook/login.feature):1:1
                	at Scenario(Verify error for invalid login):12:5
                	at Step(I Verify error is displayed):17:9
                </stack-trace>
            </failure>
        </test-case>
        <test-case start='1670887548307' status='passed' stop='1670887548307'>
            <name></name>
            <title></title>
            <labels>
                <label name='language' value='javascript'/>
                <label name='framework' value='wdio'/>
                <label name='thread' value='0-0'/>
            </labels>
            <parameters>
                <parameter kind='argument' name='browser' value='chrome-108.0.5359.98'/>
            </parameters>
            <steps/>
            <attachments/>
        </test-case>
    </test-cases>
</ns2:test-suite>