<?xml version='1.0'?>
<ns2:test-suite xmlns:ns2='urn:model.allure.qatools.yandex.ru' start='1673230022531' stop='1673230030792'>
    <name>Sprint: Verify past dates and back button on Current month's calender is disabled</name>
    <title>Sprint: Verify past dates and back button on Current month's calender is disabled</title>
    <test-cases>
        <test-case start='1673230022531' status='passed' stop='1673230022532'>
            <name></name>
            <title></title>
            <labels>
                <label name='language' value='javascript'/>
                <label name='framework' value='wdio'/>
                <label name='thread' value='0-0'/>
            </labels>
            <parameters>
                <parameter kind='argument' name='browser' value='chrome-108.0.5359.124'/>
            </parameters>
            <steps/>
            <attachments/>
        </test-case>
        <test-case start='1673230022532' status='passed' stop='1673230030790'>
            <name>Given I am on hotels</name>
            <title>Given I am on hotels</title>
            <labels>
                <label name='language' value='javascript'/>
                <label name='framework' value='wdio'/>
                <label name='thread' value='0-0'/>
            </labels>
            <parameters>
                <parameter kind='argument' name='browser' value='chrome-108.0.5359.124'/>
            </parameters>
            <steps>
                <step start='1673230022534' status='passed' stop='1673230025787'>
                    <name>POST /session/:sessionId/url</name>
                    <title>POST /session/:sessionId/url</title>
                    <attachments>
                        <attachment title='Request' source='f45e3dfa-f7f5-4a5d-9a3f-fdc3156d45f5-attachment.json' type='application/json' size='38'/>
                    </attachments>
                    <steps/>
                </step>
            </steps>
            <attachments/>
        </test-case>
        <test-case start='1673230030790' status='broken' stop='1673230030791'>
            <name>When I click on Dates</name>
            <title>When I click on Dates</title>
            <labels>
                <label name='language' value='javascript'/>
                <label name='framework' value='wdio'/>
                <label name='thread' value='0-0'/>
            </labels>
            <parameters>
                <parameter kind='argument' name='browser' value='chrome-108.0.5359.124'/>
            </parameters>
            <steps/>
            <attachments/>
            <failure>
                <message>Step "I click on Dates" is not defined. You can ignore this error by setting cucumberOpts.ignoreUndefinedDefinitions as true.</message>
                <stack-trace>Step "I click on Dates" is not defined. You can ignore this error by setting cucumberOpts.ignoreUndefinedDefinitions as true.
                	at Feature(/Users/ziauddin/Documents/git/JS-FALL-CUCUMBER-2022/features/Hotels/sprint.feature):1:1
                	at Scenario(Verify past dates and back button on Current month's calender is disabled):6:5
                	at Step(I click on Dates):7:9
                </stack-trace>
            </failure>
        </test-case>
        <test-case start='1673230030791' status='broken' stop='1673230030791'>
            <name>And I go to current month if not displayed</name>
            <title>And I go to current month if not displayed</title>
            <labels>
                <label name='language' value='javascript'/>
                <label name='framework' value='wdio'/>
                <label name='thread' value='0-0'/>
            </labels>
            <parameters>
                <parameter kind='argument' name='browser' value='chrome-108.0.5359.124'/>
            </parameters>
            <steps/>
            <attachments/>
            <failure>
                <message>Step "I go to current month if not displayed" is not defined. You can ignore this error by setting cucumberOpts.ignoreUndefinedDefinitions as true.</message>
                <stack-trace>Step "I go to current month if not displayed" is not defined. You can ignore this error by setting cucumberOpts.ignoreUndefinedDefinitions as true.
                	at Feature(/Users/ziauddin/Documents/git/JS-FALL-CUCUMBER-2022/features/Hotels/sprint.feature):1:1
                	at Scenario(Verify past dates and back button on Current month's calender is disabled):6:5
                	at Step(I go to current month if not displayed):8:9
                </stack-trace>
            </failure>
        </test-case>
        <test-case start='1673230030791' status='broken' stop='1673230030791'>
            <name>Then I Verify for current month past dates and back button on Current month's calender is disabled</name>
            <title>Then I Verify for current month past dates and back button on Current month's calender is disabled</title>
            <labels>
                <label name='language' value='javascript'/>
                <label name='framework' value='wdio'/>
                <label name='thread' value='0-0'/>
            </labels>
            <parameters>
                <parameter kind='argument' name='browser' value='chrome-108.0.5359.124'/>
            </parameters>
            <steps/>
            <attachments/>
            <failure>
                <message>Step "I Verify for current month past dates and back button on Current month's calender is disabled" is not defined. You can ignore this error by setting cucumberOpts.ignoreUndefinedDefinitions as true.</message>
                <stack-trace>Step "I Verify for current month past dates and back button on Current month's calender is disabled" is not defined. You can ignore this error by setting cucumberOpts.ignoreUndefinedDefinitions as true.
                	at Feature(/Users/ziauddin/Documents/git/JS-FALL-CUCUMBER-2022/features/Hotels/sprint.feature):1:1
                	at Scenario(Verify past dates and back button on Current month's calender is disabled):6:5
                	at Step(I Verify for current month past dates and back button on Current month's calender is disabled):9:9
                </stack-trace>
            </failure>
        </test-case>
        <test-case start='1673230030791' status='passed' stop='1673230030792'>
            <name></name>
            <title></title>
            <labels>
                <label name='language' value='javascript'/>
                <label name='framework' value='wdio'/>
                <label name='thread' value='0-0'/>
            </labels>
            <parameters>
                <parameter kind='argument' name='browser' value='chrome-108.0.5359.124'/>
            </parameters>
            <steps/>
            <attachments/>
        </test-case>
    </test-cases>
</ns2:test-suite>