<?xml version='1.0'?>
<ns2:test-suite xmlns:ns2='urn:model.allure.qatools.yandex.ru' start='1673232719408' stop='1673232727325'>
    <name>Sprint: Verify error is displayed when user submits the empty feedback form</name>
    <title>Sprint: Verify error is displayed when user submits the empty feedback form</title>
    <test-cases>
        <test-case start='1673232719408' status='passed' stop='1673232719408'>
            <name></name>
            <title></title>
            <labels>
                <label name='language' value='javascript'/>
                <label name='framework' value='wdio'/>
                <label name='thread' value='0-0'/>
            </labels>
            <parameters>
                <parameter kind='argument' name='browser' value='chrome-108.0.5359.124'/>
            </parameters>
            <steps/>
            <attachments/>
        </test-case>
        <test-case start='1673232719408' status='passed' stop='1673232727324'>
            <name>Given I am on hotels</name>
            <title>Given I am on hotels</title>
            <labels>
                <label name='language' value='javascript'/>
                <label name='framework' value='wdio'/>
                <label name='thread' value='0-0'/>
            </labels>
            <parameters>
                <parameter kind='argument' name='browser' value='chrome-108.0.5359.124'/>
            </parameters>
            <steps>
                <step start='1673232719408' status='passed' stop='1673232722218'>
                    <name>POST /session/:sessionId/url</name>
                    <title>POST /session/:sessionId/url</title>
                    <attachments>
                        <attachment title='Request' source='7681852f-2d62-4b9b-a791-c0e5401a1e48-attachment.json' type='application/json' size='38'/>
                    </attachments>
                    <steps/>
                </step>
            </steps>
            <attachments/>
        </test-case>
        <test-case start='1673232727324' status='broken' stop='1673232727324'>
            <name>When I click on "Sign in"</name>
            <title>When I click on "Sign in"</title>
            <labels>
                <label name='language' value='javascript'/>
                <label name='framework' value='wdio'/>
                <label name='thread' value='0-0'/>
            </labels>
            <parameters>
                <parameter kind='argument' name='browser' value='chrome-108.0.5359.124'/>
            </parameters>
            <steps/>
            <attachments/>
            <failure>
                <message>Step "I click on "Sign in"" is not defined. You can ignore this error by setting cucumberOpts.ignoreUndefinedDefinitions as true.</message>
                <stack-trace>Step "I click on "Sign in"" is not defined. You can ignore this error by setting cucumberOpts.ignoreUndefinedDefinitions as true.
                	at Feature(/Users/ziauddin/Documents/git/JS-FALL-CUCUMBER-2022/features/Hotels/sprint.feature):1:1
                	at Scenario(Verify error is displayed when user submits the empty feedback form):23:5
                	at Step(I click on "Sign in"):24:9
                </stack-trace>
            </failure>
        </test-case>
        <test-case start='1673232727324' status='broken' stop='1673232727325'>
            <name>And I click on "Feedback"</name>
            <title>And I click on "Feedback"</title>
            <labels>
                <label name='language' value='javascript'/>
                <label name='framework' value='wdio'/>
                <label name='thread' value='0-0'/>
            </labels>
            <parameters>
                <parameter kind='argument' name='browser' value='chrome-108.0.5359.124'/>
            </parameters>
            <steps/>
            <attachments/>
            <failure>
                <message>Step "I click on "Feedback"" is not defined. You can ignore this error by setting cucumberOpts.ignoreUndefinedDefinitions as true.</message>
                <stack-trace>Step "I click on "Feedback"" is not defined. You can ignore this error by setting cucumberOpts.ignoreUndefinedDefinitions as true.
                	at Feature(/Users/ziauddin/Documents/git/JS-FALL-CUCUMBER-2022/features/Hotels/sprint.feature):1:1
                	at Scenario(Verify error is displayed when user submits the empty feedback form):23:5
                	at Step(I click on "Feedback"):25:9
                </stack-trace>
            </failure>
        </test-case>
        <test-case start='1673232727325' status='broken' stop='1673232727325'>
            <name>And I click on "Submit" empty form</name>
            <title>And I click on "Submit" empty form</title>
            <labels>
                <label name='language' value='javascript'/>
                <label name='framework' value='wdio'/>
                <label name='thread' value='0-0'/>
            </labels>
            <parameters>
                <parameter kind='argument' name='browser' value='chrome-108.0.5359.124'/>
            </parameters>
            <steps/>
            <attachments/>
            <failure>
                <message>Step "I click on "Submit" empty form" is not defined. You can ignore this error by setting cucumberOpts.ignoreUndefinedDefinitions as true.</message>
                <stack-trace>Step "I click on "Submit" empty form" is not defined. You can ignore this error by setting cucumberOpts.ignoreUndefinedDefinitions as true.
                	at Feature(/Users/ziauddin/Documents/git/JS-FALL-CUCUMBER-2022/features/Hotels/sprint.feature):1:1
                	at Scenario(Verify error is displayed when user submits the empty feedback form):23:5
                	at Step(I click on "Submit" empty form):26:9
                </stack-trace>
            </failure>
        </test-case>
        <test-case start='1673232727325' status='broken' stop='1673232727325'>
            <name>Then I Verify error message "please fill in the required information highlighted below" is displayed</name>
            <title>Then I Verify error message "please fill in the required information highlighted below" is displayed</title>
            <labels>
                <label name='language' value='javascript'/>
                <label name='framework' value='wdio'/>
                <label name='thread' value='0-0'/>
            </labels>
            <parameters>
                <parameter kind='argument' name='browser' value='chrome-108.0.5359.124'/>
            </parameters>
            <steps/>
            <attachments/>
            <failure>
                <message>Step "I Verify error message "please fill in the required information highlighted below" is displayed" is not defined. You can ignore this error by setting cucumberOpts.ignoreUndefinedDefinitions as true.</message>
                <stack-trace>Step "I Verify error message "please fill in the required information highlighted below" is displayed" is not defined. You can ignore this error by setting cucumberOpts.ignoreUndefinedDefinitions as true.
                	at Feature(/Users/ziauddin/Documents/git/JS-FALL-CUCUMBER-2022/features/Hotels/sprint.feature):1:1
                	at Scenario(Verify error is displayed when user submits the empty feedback form):23:5
                	at Step(I Verify error message "please fill in the required information highlighted below" is displayed):27:9
                </stack-trace>
            </failure>
        </test-case>
        <test-case start='1673232727325' status='passed' stop='1673232727325'>
            <name></name>
            <title></title>
            <labels>
                <label name='language' value='javascript'/>
                <label name='framework' value='wdio'/>
                <label name='thread' value='0-0'/>
            </labels>
            <parameters>
                <parameter kind='argument' name='browser' value='chrome-108.0.5359.124'/>
            </parameters>
            <steps/>
            <attachments/>
        </test-case>
    </test-cases>
</ns2:test-suite>